mode: set
github.com/ishrq/recur/tests/integration/helpers.go:14.50,19.16 4 1
github.com/ishrq/recur/tests/integration/helpers.go:19.16,21.3 1 0
github.com/ishrq/recur/tests/integration/helpers.go:23.2,23.20 1 1
github.com/ishrq/recur/tests/integration/helpers.go:23.20,25.3 1 1
github.com/ishrq/recur/tests/integration/helpers.go:27.2,27.26 1 1
github.com/ishrq/recur/tests/integration/helpers.go:31.92,39.27 3 1
github.com/ishrq/recur/tests/integration/helpers.go:39.27,41.3 1 1
github.com/ishrq/recur/tests/integration/helpers.go:43.2,44.16 2 1
github.com/ishrq/recur/tests/integration/helpers.go:44.16,46.3 1 0
github.com/ishrq/recur/tests/integration/helpers.go:48.2,48.11 1 1
github.com/ishrq/recur/tests/integration/helpers.go:55.45,56.30 1 1
github.com/ishrq/recur/tests/integration/helpers.go:56.30,56.51 1 1
github.com/ishrq/recur/tests/integration/helpers.go:60.37,61.30 1 1
github.com/ishrq/recur/tests/integration/helpers.go:61.30,61.45 1 1
github.com/ishrq/recur/tests/integration/helpers.go:65.45,66.30 1 1
github.com/ishrq/recur/tests/integration/helpers.go:66.30,66.53 1 1
github.com/ishrq/recur/tests/integration/helpers.go:70.47,71.30 1 1
github.com/ishrq/recur/tests/integration/helpers.go:71.30,71.55 1 1
github.com/ishrq/recur/tests/integration/helpers.go:75.39,76.30 1 1
github.com/ishrq/recur/tests/integration/helpers.go:76.30,76.47 1 1
github.com/ishrq/recur/tests/integration/helpers.go:80.69,81.30 1 1
github.com/ishrq/recur/tests/integration/helpers.go:81.30,84.3 2 1
github.com/ishrq/recur/tests/integration/helpers.go:88.47,89.30 1 1
github.com/ishrq/recur/tests/integration/helpers.go:89.30,89.57 1 1
github.com/ishrq/recur/tests/integration/helpers.go:93.71,97.16 3 1
github.com/ishrq/recur/tests/integration/helpers.go:97.16,99.3 1 0
github.com/ishrq/recur/tests/integration/helpers.go:101.2,101.13 1 1
github.com/ishrq/recur/tests/integration/helpers.go:105.76,108.2 2 1
github.com/ishrq/recur/tests/integration/helpers.go:111.65,115.48 3 0
github.com/ishrq/recur/tests/integration/helpers.go:115.48,117.3 1 0
github.com/ishrq/recur/tests/integration/helpers.go:121.64,125.19 3 1
github.com/ishrq/recur/tests/integration/helpers.go:125.19,127.3 1 0
github.com/ishrq/recur/tests/integration/helpers.go:131.66,135.31 3 1
github.com/ishrq/recur/tests/integration/helpers.go:135.31,137.3 1 0
github.com/ishrq/recur/tests/integration/helpers.go:141.69,145.31 3 1
github.com/ishrq/recur/tests/integration/helpers.go:145.31,147.3 1 0
github.com/ishrq/recur/tests/integration/helpers.go:151.93,155.16 3 1
github.com/ishrq/recur/tests/integration/helpers.go:155.16,157.3 1 0
github.com/ishrq/recur/tests/integration/helpers.go:159.2,159.28 1 1
github.com/ishrq/recur/tests/integration/helpers.go:159.28,161.3 1 0
github.com/ishrq/recur/tests/integration/helpers.go:165.87,168.24 2 1
github.com/ishrq/recur/tests/integration/helpers.go:168.24,170.3 1 0
github.com/ishrq/recur/tests/integration/helpers.go:174.71,177.2 2 1
github.com/ishrq/recur/tests/integration/helpers.go:180.70,183.2 2 1
github.com/ishrq/recur/tests/integration/helpers.go:186.74,189.2 2 1
github.com/ishrq/recur/tests/integration/helpers.go:192.75,195.2 2 1
github.com/ishrq/recur/tests/integration/helpers.go:198.24,201.2 2 1
github.com/ishrq/recur/tests/integration/helpers.go:204.27,206.2 1 1
github.com/ishrq/recur/tests/integration/helpers.go:209.28,211.2 1 1
github.com/ishrq/recur/tests/integration/helpers.go:214.38,216.2 1 1
github.com/ishrq/recur/tests/integration/test_commands.go:14.54,15.20 1 1
github.com/ishrq/recur/tests/integration/test_commands.go:15.20,17.3 1 0
github.com/ishrq/recur/tests/integration/test_commands.go:19.2,23.27 3 1
github.com/ishrq/recur/tests/integration/test_commands.go:23.27,24.22 1 1
github.com/ishrq/recur/tests/integration/test_commands.go:24.22,26.12 2 1
github.com/ishrq/recur/tests/integration/test_commands.go:30.3,31.55 2 1
github.com/ishrq/recur/tests/integration/test_commands.go:31.55,33.4 1 1
github.com/ishrq/recur/tests/integration/test_commands.go:36.2,36.10 1 1
github.com/ishrq/recur/tests/integration/test_commands.go:36.10,38.26 1 1
github.com/ishrq/recur/tests/integration/test_commands.go:38.26,40.63 2 1
github.com/ishrq/recur/tests/integration/test_commands.go:40.63,41.13 1 0
github.com/ishrq/recur/tests/integration/test_commands.go:43.4,43.37 1 1
github.com/ishrq/recur/tests/integration/test_commands.go:45.3,45.13 1 1
github.com/ishrq/recur/tests/integration/test_commands.go:49.2,49.25 1 1
github.com/ishrq/recur/tests/integration/test_commands.go:49.25,51.62 2 1
github.com/ishrq/recur/tests/integration/test_commands.go:51.62,52.12 1 1
github.com/ishrq/recur/tests/integration/test_commands.go:56.3,56.32 1 1
github.com/ishrq/recur/tests/integration/test_commands.go:56.32,58.41 2 1
github.com/ishrq/recur/tests/integration/test_commands.go:58.41,62.75 2 1
github.com/ishrq/recur/tests/integration/test_commands.go:62.75,76.6 2 1
github.com/ishrq/recur/tests/integration/test_commands.go:80.3,80.32 1 1
github.com/ishrq/recur/tests/integration/test_commands.go:83.2,83.12 1 1
github.com/ishrq/recur/tests/integration/test_commands.go:87.56,88.20 1 1
github.com/ishrq/recur/tests/integration/test_commands.go:88.20,90.3 1 0
github.com/ishrq/recur/tests/integration/test_commands.go:92.2,96.27 4 1
github.com/ishrq/recur/tests/integration/test_commands.go:96.27,97.22 1 1
github.com/ishrq/recur/tests/integration/test_commands.go:97.22,99.12 2 1
github.com/ishrq/recur/tests/integration/test_commands.go:101.3,101.23 1 1
github.com/ishrq/recur/tests/integration/test_commands.go:101.23,103.12 2 1
github.com/ishrq/recur/tests/integration/test_commands.go:107.3,108.55 2 1
github.com/ishrq/recur/tests/integration/test_commands.go:108.55,110.4 1 1
github.com/ishrq/recur/tests/integration/test_commands.go:113.2,113.10 1 1
github.com/ishrq/recur/tests/integration/test_commands.go:113.10,115.26 1 1
github.com/ishrq/recur/tests/integration/test_commands.go:115.26,117.4 1 1
github.com/ishrq/recur/tests/integration/test_commands.go:118.3,118.13 1 1
github.com/ishrq/recur/tests/integration/test_commands.go:121.2,121.25 1 1
github.com/ishrq/recur/tests/integration/test_commands.go:121.25,122.22 1 1
github.com/ishrq/recur/tests/integration/test_commands.go:122.22,124.4 1 1
github.com/ishrq/recur/tests/integration/test_commands.go:124.9,126.4 1 1
github.com/ishrq/recur/tests/integration/test_commands.go:129.2,129.12 1 1
github.com/ishrq/recur/tests/integration/test_commands.go:133.54,134.20 1 1
github.com/ishrq/recur/tests/integration/test_commands.go:134.20,136.3 1 0
github.com/ishrq/recur/tests/integration/test_commands.go:138.2,142.27 4 1
github.com/ishrq/recur/tests/integration/test_commands.go:142.27,144.55 2 1
github.com/ishrq/recur/tests/integration/test_commands.go:144.55,146.4 1 1
github.com/ishrq/recur/tests/integration/test_commands.go:146.9,149.9 3 1
github.com/ishrq/recur/tests/integration/test_commands.go:153.2,153.25 1 1
github.com/ishrq/recur/tests/integration/test_commands.go:153.25,155.33 2 1
github.com/ishrq/recur/tests/integration/test_commands.go:155.33,156.12 1 1
github.com/ishrq/recur/tests/integration/test_commands.go:159.3,170.40 2 1
github.com/ishrq/recur/tests/integration/test_commands.go:170.40,172.18 2 1
github.com/ishrq/recur/tests/integration/test_commands.go:172.18,174.30 2 1
github.com/ishrq/recur/tests/integration/test_commands.go:174.30,176.6 1 0
github.com/ishrq/recur/tests/integration/test_commands.go:177.5,177.25 1 1
github.com/ishrq/recur/tests/integration/test_commands.go:177.25,179.6 1 1
github.com/ishrq/recur/tests/integration/test_commands.go:180.5,180.29 1 1
github.com/ishrq/recur/tests/integration/test_commands.go:180.29,182.6 1 0
github.com/ishrq/recur/tests/integration/test_commands.go:183.5,183.30 1 1
github.com/ishrq/recur/tests/integration/test_commands.go:183.30,185.6 1 0
github.com/ishrq/recur/tests/integration/test_commands.go:186.5,186.26 1 1
github.com/ishrq/recur/tests/integration/test_commands.go:186.26,188.6 1 0
github.com/ishrq/recur/tests/integration/test_commands.go:192.3,192.35 1 1
github.com/ishrq/recur/tests/integration/test_commands.go:195.2,195.12 1 1
github.com/ishrq/recur/tests/integration/test_commands.go:199.54,200.19 1 1
github.com/ishrq/recur/tests/integration/test_commands.go:200.19,202.3 1 0
github.com/ishrq/recur/tests/integration/test_commands.go:204.2,207.27 3 1
github.com/ishrq/recur/tests/integration/test_commands.go:207.27,209.55 2 1
github.com/ishrq/recur/tests/integration/test_commands.go:209.55,211.4 1 1
github.com/ishrq/recur/tests/integration/test_commands.go:211.9,213.9 2 1
github.com/ishrq/recur/tests/integration/test_commands.go:217.2,217.21 1 1
github.com/ishrq/recur/tests/integration/test_commands.go:217.21,219.3 1 0
github.com/ishrq/recur/tests/integration/test_commands.go:221.2,222.16 2 1
github.com/ishrq/recur/tests/integration/test_commands.go:222.16,224.3 1 0
github.com/ishrq/recur/tests/integration/test_commands.go:226.2,226.25 1 1
github.com/ishrq/recur/tests/integration/test_commands.go:226.25,228.33 2 1
github.com/ishrq/recur/tests/integration/test_commands.go:228.33,229.12 1 1
github.com/ishrq/recur/tests/integration/test_commands.go:233.3,234.28 2 1
github.com/ishrq/recur/tests/integration/test_commands.go:234.28,236.4 1 1
github.com/ishrq/recur/tests/integration/test_commands.go:237.3,237.23 1 1
github.com/ishrq/recur/tests/integration/test_commands.go:237.23,239.4 1 1
github.com/ishrq/recur/tests/integration/test_commands.go:240.3,240.27 1 1
github.com/ishrq/recur/tests/integration/test_commands.go:240.27,242.4 1 1
github.com/ishrq/recur/tests/integration/test_commands.go:243.3,243.28 1 1
github.com/ishrq/recur/tests/integration/test_commands.go:243.28,245.4 1 1
github.com/ishrq/recur/tests/integration/test_commands.go:246.3,246.24 1 1
github.com/ishrq/recur/tests/integration/test_commands.go:246.24,248.4 1 0
github.com/ishrq/recur/tests/integration/test_commands.go:250.3,250.32 1 1
github.com/ishrq/recur/tests/integration/test_commands.go:253.2,253.12 1 1
